13:00:24.892 [main] INFO  com.automationbatch1.testcases.LoginTest - Browser is Launched successfully
13:00:25.628 [main] INFO  com.automationbatch1.testcases.LoginTest - URL is opened successfully
13:00:26.561 [main] INFO  com.automationbatch1.testcases.LoginTest - Username is entered successfully
13:00:26.647 [main] INFO  com.automationbatch1.testcases.LoginTest - password is entered successfully
13:00:26.717 [main] INFO  com.automationbatch1.testcases.LoginTest - Admin radio btn is selected successfully
13:00:26.824 [main] INFO  com.automationbatch1.testcases.LoginTest - Value is selected from dropdown is successfuly
13:00:26.879 [main] INFO  com.automationbatch1.testcases.LoginTest - Clicked on Checkbox successfully
13:00:26.938 [main] INFO  com.automationbatch1.testcases.LoginTest - Clicked on sign btn successfully
13:00:34.137 [main] INFO  com.automationbatch1.testcases.LoginTest - Browser is closed successfully
13:02:00.286 [main] INFO  com.automationbatch1.testcases.LoginTest - Browser is Launched successfully
13:02:01.891 [main] INFO  com.automationbatch1.testcases.LoginTest - URL is opened successfully
13:02:02.484 [main] INFO  com.automationbatch1.testcases.LoginTest - Username is entered successfully
13:02:02.578 [main] INFO  com.automationbatch1.testcases.LoginTest - password is entered successfully
13:02:02.648 [main] INFO  com.automationbatch1.testcases.LoginTest - Admin radio btn is selected successfully
13:02:02.755 [main] INFO  com.automationbatch1.testcases.LoginTest - Value is selected from dropdown is successfuly
13:02:02.805 [main] INFO  com.automationbatch1.testcases.LoginTest - Clicked on Checkbox successfully
13:02:02.860 [main] INFO  com.automationbatch1.testcases.LoginTest - Clicked on sign btn successfully
13:02:10.194 [main] INFO  com.automationbatch1.testcases.LoginTest - Browser is closed successfully
13:06:35.982 [main] INFO  com.automationbatch1.testcases.LoginTest - Browser is Launched successfully
13:06:37.836 [main] INFO  com.automationbatch1.testcases.LoginTest - URL is opened successfully
13:06:38.492 [main] INFO  com.automationbatch1.testcases.LoginTest - Username is entered successfully
13:06:38.561 [main] INFO  com.automationbatch1.testcases.LoginTest - password is entered successfully
13:06:38.612 [main] INFO  com.automationbatch1.testcases.LoginTest - Admin radio btn is selected successfully
13:06:38.704 [main] INFO  com.automationbatch1.testcases.LoginTest - Value is selected from dropdown is successfuly
13:06:38.749 [main] INFO  com.automationbatch1.testcases.LoginTest - Clicked on Checkbox successfully
13:06:38.799 [main] INFO  com.automationbatch1.testcases.LoginTest - Clicked on sign btn successfully
13:06:46.252 [main] INFO  com.automationbatch1.testcases.LoginTest - Browser is closed successfully
13:14:40.634 [main] INFO  com.automationbatch1.testcases.LoginTest - Browser is Launched successfully
13:14:43.751 [main] INFO  com.automationbatch1.testcases.LoginTest - URL is opened successfully
13:14:44.404 [main] INFO  com.automationbatch1.testcases.LoginTest - Username is entered successfully
13:14:44.473 [main] INFO  com.automationbatch1.testcases.LoginTest - password is entered successfully
13:14:44.523 [main] INFO  com.automationbatch1.testcases.LoginTest - Admin radio btn is selected successfully
13:14:44.616 [main] INFO  com.automationbatch1.testcases.LoginTest - Value is selected from dropdown is successfuly
13:14:44.664 [main] INFO  com.automationbatch1.testcases.LoginTest - Clicked on Checkbox successfully
13:14:44.717 [main] INFO  com.automationbatch1.testcases.LoginTest - Clicked on sign btn successfully
13:14:53.055 [main] INFO  com.automationbatch1.testcases.LoginTest - Browser is closed successfully
13:14:56.190 [main] INFO  com.automationbatch1.testcases.LoginTest - Browser is Launched successfully
13:14:57.435 [main] INFO  com.automationbatch1.testcases.LoginTest - URL is opened successfully
13:14:57.679 [main] INFO  com.automationbatch1.testcases.LoginTest - Username is entered successfully
13:14:57.757 [main] INFO  com.automationbatch1.testcases.LoginTest - password is entered successfully
13:14:57.810 [main] INFO  com.automationbatch1.testcases.LoginTest - Admin radio btn is selected successfully
13:14:57.895 [main] INFO  com.automationbatch1.testcases.LoginTest - Value is selected from dropdown is successfuly
13:14:57.945 [main] INFO  com.automationbatch1.testcases.LoginTest - Clicked on Checkbox successfully
13:14:58.003 [main] INFO  com.automationbatch1.testcases.LoginTest - Clicked on sign btn successfully
13:15:06.181 [main] INFO  com.automationbatch1.testcases.LoginTest - Browser is closed successfully
13:15:51.792 [main] INFO  com.automationbatch1.testcases.LoginTest - Browser is Launched successfully
13:15:55.346 [main] INFO  com.automationbatch1.testcases.LoginTest - URL is opened successfully
13:15:55.970 [main] INFO  com.automationbatch1.testcases.LoginTest - Username is entered successfully
